{"/home/mahmoud/Courses/web practice/Microverse/Tasty-Recipes-API/src/modules/comment-counter.js": {"path":"/home/mahmoud/Courses/web practice/Microverse/Tasty-Recipes-API/src/modules/comment-counter.js","statementMap":{"0":{"start":{"line":1,"column":24},"end":{"line":1,"column":53}},"1":{"start":{"line":1,"column":38},"end":{"line":1,"column":53}}},"fnMap":{"0":{"name":"(anonymous_0)","decl":{"start":{"line":1,"column":24},"end":{"line":1,"column":25}},"loc":{"start":{"line":1,"column":38},"end":{"line":1,"column":53}},"line":1}},"branchMap":{},"s":{"0":1,"1":1},"f":{"0":1},"b":{},"_coverageSchema":"1a1c01bbd47fc00a2c39e90264f33305004495a9","hash":"dbff0ebc42f05fbdbbaf523f2075f672b602e30a"}
}
