{"/home/mahmoud/Courses/web practice/Microverse/Tasty-Recipes-API/src/modules/involvement-api.js": {"path":"/home/mahmoud/Courses/web practice/Microverse/Tasty-Recipes-API/src/modules/involvement-api.js","statementMap":{"0":{"start":{"line":1,"column":16},"end":{"line":1,"column":85}},"1":{"start":{"line":2,"column":14},"end":{"line":2,"column":36}},"2":{"start":{"line":4,"column":16},"end":{"line":21,"column":1}},"3":{"start":{"line":6,"column":2},"end":{"line":19,"column":3}},"4":{"start":{"line":7,"column":16},"end":{"line":15,"column":6}},"5":{"start":{"line":16,"column":4},"end":{"line":16,"column":30}},"6":{"start":{"line":18,"column":4},"end":{"line":18,"column":15}},"7":{"start":{"line":20,"column":2},"end":{"line":20,"column":16}},"8":{"start":{"line":23,"column":20},"end":{"line":32,"column":1}},"9":{"start":{"line":25,"column":2},"end":{"line":30,"column":3}},"10":{"start":{"line":26,"column":16},"end":{"line":26,"column":61}},"11":{"start":{"line":27,"column":4},"end":{"line":27,"column":30}},"12":{"start":{"line":29,"column":4},"end":{"line":29,"column":15}},"13":{"start":{"line":31,"column":2},"end":{"line":31,"column":16}},"14":{"start":{"line":34,"column":19},"end":{"line":53,"column":1}},"15":{"start":{"line":36,"column":2},"end":{"line":51,"column":3}},"16":{"start":{"line":37,"column":16},"end":{"line":47,"column":6}},"17":{"start":{"line":48,"column":4},"end":{"line":48,"column":30}},"18":{"start":{"line":50,"column":4},"end":{"line":50,"column":15}},"19":{"start":{"line":52,"column":2},"end":{"line":52,"column":16}},"20":{"start":{"line":55,"column":20},"end":{"line":64,"column":1}},"21":{"start":{"line":57,"column":2},"end":{"line":62,"column":3}},"22":{"start":{"line":58,"column":16},"end":{"line":58,"column":82}},"23":{"start":{"line":59,"column":4},"end":{"line":59,"column":30}},"24":{"start":{"line":61,"column":4},"end":{"line":61,"column":15}},"25":{"start":{"line":63,"column":2},"end":{"line":63,"column":16}}},"fnMap":{"0":{"name":"(anonymous_0)","decl":{"start":{"line":4,"column":16},"end":{"line":4,"column":17}},"loc":{"start":{"line":4,"column":34},"end":{"line":21,"column":1}},"line":4},"1":{"name":"(anonymous_1)","decl":{"start":{"line":23,"column":20},"end":{"line":23,"column":21}},"loc":{"start":{"line":23,"column":32},"end":{"line":32,"column":1}},"line":23},"2":{"name":"(anonymous_2)","decl":{"start":{"line":34,"column":19},"end":{"line":34,"column":20}},"loc":{"start":{"line":34,"column":56},"end":{"line":53,"column":1}},"line":34},"3":{"name":"(anonymous_3)","decl":{"start":{"line":55,"column":20},"end":{"line":55,"column":21}},"loc":{"start":{"line":55,"column":38},"end":{"line":64,"column":1}},"line":55}},"branchMap":{},"s":{"0":1,"1":1,"2":1,"3":0,"4":0,"5":0,"6":0,"7":0,"8":1,"9":0,"10":0,"11":0,"12":0,"13":0,"14":1,"15":1,"16":1,"17":0,"18":1,"19":0,"20":1,"21":2,"22":2,"23":0,"24":2,"25":0},"f":{"0":0,"1":0,"2":1,"3":2},"b":{},"_coverageSchema":"1a1c01bbd47fc00a2c39e90264f33305004495a9","hash":"691ff643584c1d25a68125ab20863018c2cff415"}
}
